Determining if the pthread_create exist failed with the following output:
Change Dir: /home/malavassi/Escritorio/Scrabble/cmake-build-debug/CMakeFiles/CMakeTmp

Run Build Command:"/usr/bin/make" "cmTC_c46ee/fast"
/usr/bin/make -f CMakeFiles/cmTC_c46ee.dir/build.make CMakeFiles/cmTC_c46ee.dir/build
make[1]: se entra en el directorio '/home/malavassi/Escritorio/Scrabble/cmake-build-debug/CMakeFiles/CMakeTmp'
Building C object CMakeFiles/cmTC_c46ee.dir/CheckSymbolExists.c.o
/usr/bin/cc    -o CMakeFiles/cmTC_c46ee.dir/CheckSymbolExists.c.o   -c /home/malavassi/Escritorio/Scrabble/cmake-build-debug/CMakeFiles/CMakeTmp/CheckSymbolExists.c
Linking C executable cmTC_c46ee
/snap/clion/67/bin/cmake/linux/bin/cmake -E cmake_link_script CMakeFiles/cmTC_c46ee.dir/link.txt --verbose=1
/usr/bin/cc      -rdynamic CMakeFiles/cmTC_c46ee.dir/CheckSymbolExists.c.o  -o cmTC_c46ee 
CMakeFiles/cmTC_c46ee.dir/CheckSymbolExists.c.o: En la función `main':
CheckSymbolExists.c:(.text+0x1b): referencia a `pthread_create' sin definir
collect2: error: ld returned 1 exit status
CMakeFiles/cmTC_c46ee.dir/build.make:86: recipe for target 'cmTC_c46ee' failed
make[1]: *** [cmTC_c46ee] Error 1
make[1]: se sale del directorio '/home/malavassi/Escritorio/Scrabble/cmake-build-debug/CMakeFiles/CMakeTmp'
Makefile:121: recipe for target 'cmTC_c46ee/fast' failed
make: *** [cmTC_c46ee/fast] Error 2

File /home/malavassi/Escritorio/Scrabble/cmake-build-debug/CMakeFiles/CMakeTmp/CheckSymbolExists.c:
/* */
#include <pthread.h>

int main(int argc, char** argv)
{
  (void)argv;
#ifndef pthread_create
  return ((int*)(&pthread_create))[argc];
#else
  (void)argc;
  return 0;
#endif
}

Determining if the function pthread_create exists in the pthreads failed with the following output:
Change Dir: /home/malavassi/Escritorio/Scrabble/cmake-build-debug/CMakeFiles/CMakeTmp

Run Build Command:"/usr/bin/make" "cmTC_5c1c0/fast"
/usr/bin/make -f CMakeFiles/cmTC_5c1c0.dir/build.make CMakeFiles/cmTC_5c1c0.dir/build
make[1]: se entra en el directorio '/home/malavassi/Escritorio/Scrabble/cmake-build-debug/CMakeFiles/CMakeTmp'
Building C object CMakeFiles/cmTC_5c1c0.dir/CheckFunctionExists.c.o
/usr/bin/cc   -DCHECK_FUNCTION_EXISTS=pthread_create   -o CMakeFiles/cmTC_5c1c0.dir/CheckFunctionExists.c.o   -c /snap/clion/67/bin/cmake/linux/share/cmake-3.13/Modules/CheckFunctionExists.c
Linking C executable cmTC_5c1c0
/snap/clion/67/bin/cmake/linux/bin/cmake -E cmake_link_script CMakeFiles/cmTC_5c1c0.dir/link.txt --verbose=1
/usr/bin/cc  -DCHECK_FUNCTION_EXISTS=pthread_create    -rdynamic CMakeFiles/cmTC_5c1c0.dir/CheckFunctionExists.c.o  -o cmTC_5c1c0 -lpthreads 
/usr/bin/ld: no se puede encontrar -lpthreads
collect2: error: ld returned 1 exit status
CMakeFiles/cmTC_5c1c0.dir/build.make:86: recipe for target 'cmTC_5c1c0' failed
make[1]: *** [cmTC_5c1c0] Error 1
make[1]: se sale del directorio '/home/malavassi/Escritorio/Scrabble/cmake-build-debug/CMakeFiles/CMakeTmp'
Makefile:121: recipe for target 'cmTC_5c1c0/fast' failed
make: *** [cmTC_5c1c0/fast] Error 2


